# JRE version: OpenJDK Runtime Environment (17.0.6) (build 17.0.6+0-b2043.56-10027231)
# Java VM: OpenJDK 64-Bit Server VM (17.0.6+0-b2043.56-10027231, mixed mode, tiered, compressed oops, compressed class ptrs, g1 gc, windows-amd64)
GC Precious Log:
 CPUs: 8 total, 8 available
 Memory: 7991M
 Large Page Support: Disabled
 NUMA Support: Disabled
 Compressed Oops: Enabled (Zero based)
 Heap Region Size: 2M
 Heap Min Capacity: 8M
 Heap Initial Capacity: 126M
 Heap Max Capacity: 4G
 Pre-touch: Disabled
 Parallel Workers: 8
 Concurrent Workers: 2
 Concurrent Refinement Workers: 8
 Periodic GC: Disabled
Heap:
 garbage-first heap   total 290816K, used 189728K [0x0000000700000000, 0x0000000800000000)
  region size 2048K, 3 young (6144K), 3 survivors (6144K)
 Metaspace       used 132692K, committed 134080K, reserved 1171456K
  class space    used 17682K, committed 18240K, reserved 1048576K
GC Heap History (20 events):
Event: 20.533 GC heap after
{Heap after GC invocations=48 (full 0):
 garbage-first heap   total 192512K, used 124695K [0x0000000700000000, 0x0000000800000000)
  region size 2048K, 3 young (6144K), 3 survivors (6144K)
 Metaspace       used 92556K, committed 93568K, reserved 1130496K
  class space    used 12733K, committed 13120K, reserved 1048576K
}
Event: 20.973 GC heap before
{Heap before GC invocations=49 (full 0):
 garbage-first heap   total 225280K, used 153367K [0x0000000700000000, 0x0000000800000000)
  region size 2048K, 17 young (34816K), 3 survivors (6144K)
 Metaspace       used 94085K, committed 95104K, reserved 1138688K
  class space    used 12950K, committed 13376K, reserved 1048576K
}
Event: 20.982 GC heap after
{Heap after GC invocations=50 (full 0):
 garbage-first heap   total 225280K, used 128810K [0x0000000700000000, 0x0000000800000000)
  region size 2048K, 2 young (4096K), 2 survivors (4096K)
 Metaspace       used 94085K, committed 95104K, reserved 1138688K
  class space    used 12950K, committed 13376K, reserved 1048576K
}
Event: 21.108 GC heap before
{Heap before GC invocations=50 (full 0):
 garbage-first heap   total 225280K, used 134954K [0x0000000700000000, 0x0000000800000000)
  region size 2048K, 5 young (10240K), 2 survivors (4096K)
 Metaspace       used 94189K, committed 95232K, reserved 1138688K
  class space    used 12955K, committed 13376K, reserved 1048576K
}
Event: 21.114 GC heap after
{Heap after GC invocations=51 (full 0):
 garbage-first heap   total 225280K, used 129727K [0x0000000700000000, 0x0000000800000000)
  region size 2048K, 1 young (2048K), 1 survivors (2048K)
 Metaspace       used 94189K, committed 95232K, reserved 1138688K
  class space    used 12955K, committed 13376K, reserved 1048576K
}
Event: 21.971 GC heap before
{Heap before GC invocations=51 (full 0):
 garbage-first heap   total 225280K, used 178879K [0x0000000700000000, 0x0000000800000000)
  region size 2048K, 25 young (51200K), 1 survivors (2048K)
 Metaspace       used 97674K, committed 98752K, reserved 1138688K
  class space    used 13485K, committed 13952K, reserved 1048576K
}
Event: 21.982 GC heap after
{Heap after GC invocations=52 (full 0):
 garbage-first heap   total 290816K, used 136815K [0x0000000700000000, 0x0000000800000000)
  region size 2048K, 4 young (8192K), 4 survivors (8192K)
 Metaspace       used 97674K, committed 98752K, reserved 1138688K
  class space    used 13485K, committed 13952K, reserved 1048576K
}
Event: 23.184 GC heap before
{Heap before GC invocations=53 (full 0):
 garbage-first heap   total 290816K, used 222831K [0x0000000700000000, 0x0000000800000000)
  region size 2048K, 46 young (94208K), 4 survivors (8192K)
 Metaspace       used 102039K, committed 103168K, reserved 1138688K
  class space    used 14077K, committed 14592K, reserved 1048576K
}
Event: 23.201 GC heap after
{Heap after GC invocations=54 (full 0):
 garbage-first heap   total 290816K, used 150520K [0x0000000700000000, 0x0000000800000000)
  region size 2048K, 6 young (12288K), 6 survivors (12288K)
 Metaspace       used 102039K, committed 103168K, reserved 1138688K
  class space    used 14077K, committed 14592K, reserved 1048576K
}
Event: 23.220 GC heap before
{Heap before GC invocations=54 (full 0):
 garbage-first heap   total 290816K, used 152568K [0x0000000700000000, 0x0000000800000000)
  region size 2048K, 7 young (14336K), 6 survivors (12288K)
 Metaspace       used 102057K, committed 103232K, reserved 1138688K
  class space    used 14078K, committed 14592K, reserved 1048576K
}
Event: 23.231 GC heap after
{Heap after GC invocations=55 (full 0):
 garbage-first heap   total 290816K, used 152666K [0x0000000700000000, 0x0000000800000000)
  region size 2048K, 1 young (2048K), 1 survivors (2048K)
 Metaspace       used 102057K, committed 103232K, reserved 1138688K
  class space    used 14078K, committed 14592K, reserved 1048576K
}
Event: 24.092 GC heap before
{Heap before GC invocations=55 (full 0):
 garbage-first heap   total 290816K, used 222298K [0x0000000700000000, 0x0000000800000000)
  region size 2048K, 36 young (73728K), 1 survivors (2048K)
 Metaspace       used 102676K, committed 103808K, reserved 1138688K
  class space    used 14111K, committed 14592K, reserved 1048576K
}
Event: 24.098 GC heap after
{Heap after GC invocations=56 (full 0):
 garbage-first heap   total 290816K, used 156323K [0x0000000700000000, 0x0000000800000000)
  region size 2048K, 3 young (6144K), 3 survivors (6144K)
 Metaspace       used 102676K, committed 103808K, reserved 1138688K
  class space    used 14111K, committed 14592K, reserved 1048576K
}
Event: 25.119 GC heap before
{Heap before GC invocations=56 (full 0):
 garbage-first heap   total 290816K, used 234147K [0x0000000700000000, 0x0000000800000000)
  region size 2048K, 39 young (79872K), 3 survivors (6144K)
 Metaspace       used 107882K, committed 109184K, reserved 1146880K
  class space    used 14654K, committed 15232K, reserved 1048576K
}
Event: 25.130 GC heap after
{Heap after GC invocations=57 (full 0):
 garbage-first heap   total 290816K, used 170509K [0x0000000700000000, 0x0000000800000000)
  region size 2048K, 4 young (8192K), 4 survivors (8192K)
 Metaspace       used 107882K, committed 109184K, reserved 1146880K
  class space    used 14654K, committed 15232K, reserved 1048576K
}
Event: 25.883 GC heap before
{Heap before GC invocations=57 (full 0):
 garbage-first heap   total 290816K, used 231949K [0x0000000700000000, 0x0000000800000000)
  region size 2048K, 35 young (71680K), 4 survivors (8192K)
 Metaspace       used 115228K, committed 116608K, reserved 1155072K
  class space    used 15467K, committed 16064K, reserved 1048576K
}
Event: 25.895 GC heap after
{Heap after GC invocations=58 (full 0):
 garbage-first heap   total 290816K, used 175879K [0x0000000700000000, 0x0000000800000000)
  region size 2048K, 3 young (6144K), 3 survivors (6144K)
 Metaspace       used 115228K, committed 116608K, reserved 1155072K
  class space    used 15467K, committed 16064K, reserved 1048576K
}
Event: 26.618 GC heap before
{Heap before GC invocations=58 (full 0):
 garbage-first heap   total 290816K, used 239367K [0x0000000700000000, 0x0000000800000000)
  region size 2048K, 33 young (67584K), 3 survivors (6144K)
 Metaspace       used 123348K, committed 124800K, reserved 1163264K
  class space    used 16377K, committed 16960K, reserved 1048576K
}
Event: 26.628 GC heap after
{Heap after GC invocations=59 (full 0):
 garbage-first heap   total 290816K, used 185867K [0x0000000700000000, 0x0000000800000000)
  region size 2048K, 5 young (10240K), 5 survivors (10240K)
 Metaspace       used 123348K, committed 124800K, reserved 1163264K
  class space    used 16377K, committed 16960K, reserved 1048576K
}
Event: 27.188 GC heap before
{Heap before GC invocations=59 (full 0):
 garbage-first heap   total 290816K, used 235019K [0x0000000700000000, 0x0000000800000000)
  region size 2048K, 30 young (61440K), 5 survivors (10240K)
 Metaspace       used 132692K, committed 134080K, reserved 1171456K
  class space    used 17682K, committed 18240K, reserved 1048576K
}

