# JRE version: OpenJDK Runtime Environment (17.0.6) (build 17.0.6+0-b2043.56-10027231)
# Java VM: OpenJDK 64-Bit Server VM (17.0.6+0-b2043.56-10027231, mixed mode, tiered, compressed oops, compressed class ptrs, g1 gc, windows-amd64)
GC Precious Log:
 CPUs: 8 total, 8 available
 Memory: 7991M
 Large Page Support: Disabled
 NUMA Support: Disabled
 Compressed Oops: Enabled (Zero based)
 Heap Region Size: 2M
 Heap Min Capacity: 8M
 Heap Initial Capacity: 126M
 Heap Max Capacity: 4G
 Pre-touch: Disabled
 Parallel Workers: 8
 Concurrent Workers: 2
 Concurrent Refinement Workers: 8
 Periodic GC: Disabled
Heap:
 garbage-first heap   total 509952K, used 331099K [0x0000000700000000, 0x0000000800000000)
  region size 2048K, 8 young (16384K), 8 survivors (16384K)
 Metaspace       used 151336K, committed 152832K, reserved 1187840K
  class space    used 20144K, committed 20800K, reserved 1048576K
GC Heap History (20 events):
Event: 62.559 GC heap after
{Heap after GC invocations=56 (full 0):
 garbage-first heap   total 423936K, used 185740K [0x0000000700000000, 0x0000000800000000)
  region size 2048K, 4 young (8192K), 4 survivors (8192K)
 Metaspace       used 118096K, committed 119424K, reserved 1155072K
  class space    used 15998K, committed 16576K, reserved 1048576K
}
Event: 63.113 GC heap before
{Heap before GC invocations=56 (full 0):
 garbage-first heap   total 423936K, used 212364K [0x0000000700000000, 0x0000000800000000)
  region size 2048K, 14 young (28672K), 4 survivors (8192K)
 Metaspace       used 118484K, committed 119808K, reserved 1155072K
  class space    used 16054K, committed 16640K, reserved 1048576K
}
Event: 63.124 GC heap after
{Heap after GC invocations=57 (full 0):
 garbage-first heap   total 423936K, used 186621K [0x0000000700000000, 0x0000000800000000)
  region size 2048K, 5 young (10240K), 5 survivors (10240K)
 Metaspace       used 118484K, committed 119808K, reserved 1155072K
  class space    used 16054K, committed 16640K, reserved 1048576K
}
Event: 63.515 GC heap before
{Heap before GC invocations=57 (full 0):
 garbage-first heap   total 423936K, used 198909K [0x0000000700000000, 0x0000000800000000)
  region size 2048K, 8 young (16384K), 5 survivors (10240K)
 Metaspace       used 118487K, committed 119808K, reserved 1155072K
  class space    used 16054K, committed 16640K, reserved 1048576K
}
Event: 63.523 GC heap after
{Heap after GC invocations=58 (full 0):
 garbage-first heap   total 423936K, used 186730K [0x0000000700000000, 0x0000000800000000)
  region size 2048K, 5 young (10240K), 5 survivors (10240K)
 Metaspace       used 118487K, committed 119808K, reserved 1155072K
  class space    used 16054K, committed 16640K, reserved 1048576K
}
Event: 82.330 GC heap before
{Heap before GC invocations=58 (full 0):
 garbage-first heap   total 423936K, used 366954K [0x0000000700000000, 0x0000000800000000)
  region size 2048K, 89 young (182272K), 5 survivors (10240K)
 Metaspace       used 124955K, committed 126464K, reserved 1163264K
  class space    used 16714K, committed 17408K, reserved 1048576K
}
Event: 82.497 GC heap after
{Heap after GC invocations=59 (full 0):
 garbage-first heap   total 423936K, used 207048K [0x0000000700000000, 0x0000000800000000)
  region size 2048K, 12 young (24576K), 12 survivors (24576K)
 Metaspace       used 124955K, committed 126464K, reserved 1163264K
  class space    used 16714K, committed 17408K, reserved 1048576K
}
Event: 84.593 GC heap before
{Heap before GC invocations=59 (full 0):
 garbage-first heap   total 423936K, used 352456K [0x0000000700000000, 0x0000000800000000)
  region size 2048K, 84 young (172032K), 12 survivors (24576K)
 Metaspace       used 134671K, committed 136128K, reserved 1171456K
  class space    used 17769K, committed 18432K, reserved 1048576K
}
Event: 84.719 GC heap after
{Heap after GC invocations=60 (full 0):
 garbage-first heap   total 423936K, used 208894K [0x0000000700000000, 0x0000000800000000)
  region size 2048K, 3 young (6144K), 3 survivors (6144K)
 Metaspace       used 134671K, committed 136128K, reserved 1171456K
  class space    used 17769K, committed 18432K, reserved 1048576K
}
Event: 84.750 GC heap before
{Heap before GC invocations=60 (full 0):
 garbage-first heap   total 423936K, used 208894K [0x0000000700000000, 0x0000000800000000)
  region size 2048K, 4 young (8192K), 3 survivors (6144K)
 Metaspace       used 135011K, committed 136448K, reserved 1171456K
  class space    used 17816K, committed 18496K, reserved 1048576K
}
Event: 84.772 GC heap after
{Heap after GC invocations=61 (full 0):
 garbage-first heap   total 509952K, used 208048K [0x0000000700000000, 0x0000000800000000)
  region size 2048K, 2 young (4096K), 2 survivors (4096K)
 Metaspace       used 135011K, committed 136448K, reserved 1171456K
  class space    used 17816K, committed 18496K, reserved 1048576K
}
Event: 86.391 GC heap before
{Heap before GC invocations=61 (full 0):
 garbage-first heap   total 509952K, used 431280K [0x0000000700000000, 0x0000000800000000)
  region size 2048K, 110 young (225280K), 2 survivors (4096K)
 Metaspace       used 140858K, committed 142400K, reserved 1179648K
  class space    used 18545K, committed 19200K, reserved 1048576K
}
Event: 86.573 GC heap after
{Heap after GC invocations=62 (full 0):
 garbage-first heap   total 509952K, used 249447K [0x0000000700000000, 0x0000000800000000)
  region size 2048K, 14 young (28672K), 14 survivors (28672K)
 Metaspace       used 140858K, committed 142400K, reserved 1179648K
  class space    used 18545K, committed 19200K, reserved 1048576K
}
Event: 88.353 GC heap before
{Heap before GC invocations=63 (full 0):
 garbage-first heap   total 509952K, used 411239K [0x0000000700000000, 0x0000000800000000)
  region size 2048K, 94 young (192512K), 14 survivors (28672K)
 Metaspace       used 148749K, committed 150208K, reserved 1179648K
  class space    used 19845K, committed 20480K, reserved 1048576K
}
Event: 88.550 GC heap after
{Heap after GC invocations=64 (full 0):
 garbage-first heap   total 509952K, used 278994K [0x0000000700000000, 0x0000000800000000)
  region size 2048K, 12 young (24576K), 12 survivors (24576K)
 Metaspace       used 148749K, committed 150208K, reserved 1179648K
  class space    used 19845K, committed 20480K, reserved 1048576K
}
Event: 88.586 GC heap before
{Heap before GC invocations=64 (full 0):
 garbage-first heap   total 509952K, used 281042K [0x0000000700000000, 0x0000000800000000)
  region size 2048K, 13 young (26624K), 12 survivors (24576K)
 Metaspace       used 148752K, committed 150208K, reserved 1179648K
  class space    used 19846K, committed 20480K, reserved 1048576K
}
Event: 88.649 GC heap after
{Heap after GC invocations=65 (full 0):
 garbage-first heap   total 509952K, used 282624K [0x0000000700000000, 0x0000000800000000)
  region size 2048K, 2 young (4096K), 2 survivors (4096K)
 Metaspace       used 148752K, committed 150208K, reserved 1179648K
  class space    used 19846K, committed 20480K, reserved 1048576K
}
Event: 89.285 GC heap before
{Heap before GC invocations=65 (full 0):
 garbage-first heap   total 509952K, used 413696K [0x0000000700000000, 0x0000000800000000)
  region size 2048K, 66 young (135168K), 2 survivors (4096K)
 Metaspace       used 149001K, committed 150528K, reserved 1179648K
  class space    used 19881K, committed 20544K, reserved 1048576K
}
Event: 89.373 GC heap after
{Heap after GC invocations=66 (full 0):
 garbage-first heap   total 509952K, used 309114K [0x0000000700000000, 0x0000000800000000)
  region size 2048K, 9 young (18432K), 9 survivors (18432K)
 Metaspace       used 149001K, committed 150528K, reserved 1179648K
  class space    used 19881K, committed 20544K, reserved 1048576K
}
Event: 91.005 GC heap before
{Heap before GC invocations=66 (full 0):
 garbage-first heap   total 509952K, used 411514K [0x0000000700000000, 0x0000000800000000)
  region size 2048K, 60 young (122880K), 9 survivors (18432K)
 Metaspace       used 151336K, committed 152832K, reserved 1187840K
  class space    used 20144K, committed 20800K, reserved 1048576K
}

