# JRE version: OpenJDK Runtime Environment (17.0.6) (build 17.0.6+0-b2043.56-10027231)
# Java VM: OpenJDK 64-Bit Server VM (17.0.6+0-b2043.56-10027231, mixed mode, tiered, compressed oops, compressed class ptrs, g1 gc, windows-amd64)
GC Precious Log:
 CPUs: 8 total, 8 available
 Memory: 7991M
 Large Page Support: Disabled
 NUMA Support: Disabled
 Compressed Oops: Enabled (Zero based)
 Heap Region Size: 2M
 Heap Min Capacity: 8M
 Heap Initial Capacity: 126M
 Heap Max Capacity: 4G
 Pre-touch: Disabled
 Parallel Workers: 8
 Concurrent Workers: 2
 Concurrent Refinement Workers: 8
 Periodic GC: Disabled
Heap:
 garbage-first heap   total 327680K, used 217611K [0x0000000700000000, 0x0000000800000000)
  region size 2048K, 2 young (4096K), 2 survivors (4096K)
 Metaspace       used 131449K, committed 132736K, reserved 1171456K
  class space    used 17393K, committed 17984K, reserved 1048576K
GC Heap History (20 events):
Event: 16.779 GC heap after
{Heap after GC invocations=42 (full 0):
 garbage-first heap   total 327680K, used 130684K [0x0000000700000000, 0x0000000800000000)
  region size 2048K, 3 young (6144K), 3 survivors (6144K)
 Metaspace       used 99282K, committed 100352K, reserved 1138688K
  class space    used 13641K, committed 14080K, reserved 1048576K
}
Event: 19.277 GC heap before
{Heap before GC invocations=43 (full 0):
 garbage-first heap   total 327680K, used 228988K [0x0000000700000000, 0x0000000800000000)
  region size 2048K, 51 young (104448K), 3 survivors (6144K)
 Metaspace       used 105609K, committed 106688K, reserved 1146880K
  class space    used 14501K, committed 14976K, reserved 1048576K
}
Event: 19.341 GC heap after
{Heap after GC invocations=44 (full 0):
 garbage-first heap   total 327680K, used 146981K [0x0000000700000000, 0x0000000800000000)
  region size 2048K, 7 young (14336K), 7 survivors (14336K)
 Metaspace       used 105609K, committed 106688K, reserved 1146880K
  class space    used 14501K, committed 14976K, reserved 1048576K
}
Event: 19.568 GC heap before
{Heap before GC invocations=44 (full 0):
 garbage-first heap   total 327680K, used 149029K [0x0000000700000000, 0x0000000800000000)
  region size 2048K, 8 young (16384K), 7 survivors (14336K)
 Metaspace       used 105628K, committed 106752K, reserved 1146880K
  class space    used 14504K, committed 14976K, reserved 1048576K
}
Event: 19.619 GC heap after
{Heap after GC invocations=45 (full 0):
 garbage-first heap   total 327680K, used 148230K [0x0000000700000000, 0x0000000800000000)
  region size 2048K, 1 young (2048K), 1 survivors (2048K)
 Metaspace       used 105628K, committed 106752K, reserved 1146880K
  class space    used 14504K, committed 14976K, reserved 1048576K
}
Event: 21.261 GC heap before
{Heap before GC invocations=45 (full 0):
 garbage-first heap   total 327680K, used 232198K [0x0000000700000000, 0x0000000800000000)
  region size 2048K, 42 young (86016K), 1 survivors (2048K)
 Metaspace       used 112495K, committed 113728K, reserved 1146880K
  class space    used 15393K, committed 15936K, reserved 1048576K
}
Event: 21.273 GC heap after
{Heap after GC invocations=46 (full 0):
 garbage-first heap   total 327680K, used 155561K [0x0000000700000000, 0x0000000800000000)
  region size 2048K, 5 young (10240K), 5 survivors (10240K)
 Metaspace       used 112495K, committed 113728K, reserved 1146880K
  class space    used 15393K, committed 15936K, reserved 1048576K
}
Event: 22.640 GC heap before
{Heap before GC invocations=46 (full 0):
 garbage-first heap   total 327680K, used 241577K [0x0000000700000000, 0x0000000800000000)
  region size 2048K, 47 young (96256K), 5 survivors (10240K)
 Metaspace       used 121149K, committed 122304K, reserved 1155072K
  class space    used 16461K, committed 16960K, reserved 1048576K
}
Event: 22.654 GC heap after
{Heap after GC invocations=47 (full 0):
 garbage-first heap   total 327680K, used 167947K [0x0000000700000000, 0x0000000800000000)
  region size 2048K, 6 young (12288K), 6 survivors (12288K)
 Metaspace       used 121149K, committed 122304K, reserved 1155072K
  class space    used 16461K, committed 16960K, reserved 1048576K
}
Event: 23.979 GC heap before
{Heap before GC invocations=47 (full 0):
 garbage-first heap   total 327680K, used 249867K [0x0000000700000000, 0x0000000800000000)
  region size 2048K, 46 young (94208K), 6 survivors (12288K)
 Metaspace       used 124531K, committed 125760K, reserved 1163264K
  class space    used 16854K, committed 17344K, reserved 1048576K
}
Event: 23.991 GC heap after
{Heap after GC invocations=48 (full 0):
 garbage-first heap   total 327680K, used 174336K [0x0000000700000000, 0x0000000800000000)
  region size 2048K, 5 young (10240K), 5 survivors (10240K)
 Metaspace       used 124531K, committed 125760K, reserved 1163264K
  class space    used 16854K, committed 17344K, reserved 1048576K
}
Event: 25.197 GC heap before
{Heap before GC invocations=48 (full 0):
 garbage-first heap   total 327680K, used 258304K [0x0000000700000000, 0x0000000800000000)
  region size 2048K, 45 young (92160K), 5 survivors (10240K)
 Metaspace       used 125504K, committed 126720K, reserved 1163264K
  class space    used 16899K, committed 17408K, reserved 1048576K
}
Event: 25.210 GC heap after
{Heap after GC invocations=49 (full 0):
 garbage-first heap   total 327680K, used 184771K [0x0000000700000000, 0x0000000800000000)
  region size 2048K, 6 young (12288K), 6 survivors (12288K)
 Metaspace       used 125504K, committed 126720K, reserved 1163264K
  class space    used 16899K, committed 17408K, reserved 1048576K
}
Event: 26.436 GC heap before
{Heap before GC invocations=49 (full 0):
 garbage-first heap   total 327680K, used 256451K [0x0000000700000000, 0x0000000800000000)
  region size 2048K, 42 young (86016K), 6 survivors (12288K)
 Metaspace       used 126345K, committed 127552K, reserved 1163264K
  class space    used 16911K, committed 17408K, reserved 1048576K
}
Event: 26.445 GC heap after
{Heap after GC invocations=50 (full 0):
 garbage-first heap   total 327680K, used 185397K [0x0000000700000000, 0x0000000800000000)
  region size 2048K, 3 young (6144K), 3 survivors (6144K)
 Metaspace       used 126345K, committed 127552K, reserved 1163264K
  class space    used 16911K, committed 17408K, reserved 1048576K
}
Event: 27.342 GC heap before
{Heap before GC invocations=50 (full 0):
 garbage-first heap   total 327680K, used 263221K [0x0000000700000000, 0x0000000800000000)
  region size 2048K, 40 young (81920K), 3 survivors (6144K)
 Metaspace       used 126650K, committed 127808K, reserved 1163264K
  class space    used 16922K, committed 17408K, reserved 1048576K
}
Event: 27.358 GC heap after
{Heap after GC invocations=51 (full 0):
 garbage-first heap   total 327680K, used 198656K [0x0000000700000000, 0x0000000800000000)
  region size 2048K, 5 young (10240K), 5 survivors (10240K)
 Metaspace       used 126650K, committed 127808K, reserved 1163264K
  class space    used 16922K, committed 17408K, reserved 1048576K
}
Event: 28.325 GC heap before
{Heap before GC invocations=51 (full 0):
 garbage-first heap   total 327680K, used 274432K [0x0000000700000000, 0x0000000800000000)
  region size 2048K, 37 young (75776K), 5 survivors (10240K)
 Metaspace       used 127664K, committed 128896K, reserved 1163264K
  class space    used 17007K, committed 17536K, reserved 1048576K
}
Event: 28.397 GC heap after
{Heap after GC invocations=52 (full 0):
 garbage-first heap   total 327680K, used 215893K [0x0000000700000000, 0x0000000800000000)
  region size 2048K, 5 young (10240K), 5 survivors (10240K)
 Metaspace       used 127664K, committed 128896K, reserved 1163264K
  class space    used 17007K, committed 17536K, reserved 1048576K
}
Event: 28.883 GC heap before
{Heap before GC invocations=52 (full 0):
 garbage-first heap   total 327680K, used 265045K [0x0000000700000000, 0x0000000800000000)
  region size 2048K, 30 young (61440K), 5 survivors (10240K)
 Metaspace       used 131449K, committed 132736K, reserved 1171456K
  class space    used 17393K, committed 17984K, reserved 1048576K
}

