# JRE version: OpenJDK Runtime Environment (17.0.6) (build 17.0.6+0-b2043.56-10027231)
# Java VM: OpenJDK 64-Bit Server VM (17.0.6+0-b2043.56-10027231, mixed mode, tiered, compressed oops, compressed class ptrs, g1 gc, windows-amd64)
GC Precious Log:
 CPUs: 8 total, 8 available
 Memory: 7991M
 Large Page Support: Disabled
 NUMA Support: Disabled
 Compressed Oops: Enabled (Zero based)
 Heap Region Size: 2M
 Heap Min Capacity: 8M
 Heap Initial Capacity: 126M
 Heap Max Capacity: 4G
 Pre-touch: Disabled
 Parallel Workers: 8
 Concurrent Workers: 2
 Concurrent Refinement Workers: 8
 Periodic GC: Disabled
Heap:
 garbage-first heap   total 116736K, used 88273K [0x0000000700000000, 0x0000000800000000)
  region size 2048K, 13 young (26624K), 1 survivors (2048K)
 Metaspace       used 78050K, committed 78656K, reserved 1122304K
  class space    used 10492K, committed 10752K, reserved 1048576K
GC Heap History (20 events):
Event: 15.254 GC heap before
{Heap before GC invocations=22 (full 0):
 garbage-first heap   total 71680K, used 57296K [0x0000000700000000, 0x0000000800000000)
  region size 2048K, 11 young (22528K), 2 survivors (4096K)
 Metaspace       used 62279K, committed 62848K, reserved 1105920K
  class space    used 8512K, committed 8768K, reserved 1048576K
}
Event: 15.256 GC heap after
{Heap after GC invocations=23 (full 0):
 garbage-first heap   total 86016K, used 40029K [0x0000000700000000, 0x0000000800000000)
  region size 2048K, 2 young (4096K), 2 survivors (4096K)
 Metaspace       used 62279K, committed 62848K, reserved 1105920K
  class space    used 8512K, committed 8768K, reserved 1048576K
}
Event: 16.243 GC heap before
{Heap before GC invocations=24 (full 0):
 garbage-first heap   total 86016K, used 68701K [0x0000000700000000, 0x0000000800000000)
  region size 2048K, 16 young (32768K), 2 survivors (4096K)
 Metaspace       used 63845K, committed 64320K, reserved 1105920K
  class space    used 8764K, committed 8960K, reserved 1048576K
}
Event: 16.250 GC heap after
{Heap after GC invocations=25 (full 0):
 garbage-first heap   total 86016K, used 43118K [0x0000000700000000, 0x0000000800000000)
  region size 2048K, 2 young (4096K), 2 survivors (4096K)
 Metaspace       used 63845K, committed 64320K, reserved 1105920K
  class space    used 8764K, committed 8960K, reserved 1048576K
}
Event: 16.994 GC heap before
{Heap before GC invocations=25 (full 0):
 garbage-first heap   total 86016K, used 61550K [0x0000000700000000, 0x0000000800000000)
  region size 2048K, 13 young (26624K), 2 survivors (4096K)
 Metaspace       used 63988K, committed 64448K, reserved 1105920K
  class space    used 8766K, committed 8960K, reserved 1048576K
}
Event: 17.000 GC heap after
{Heap after GC invocations=26 (full 0):
 garbage-first heap   total 86016K, used 49577K [0x0000000700000000, 0x0000000800000000)
  region size 2048K, 2 young (4096K), 2 survivors (4096K)
 Metaspace       used 63988K, committed 64448K, reserved 1105920K
  class space    used 8766K, committed 8960K, reserved 1048576K
}
Event: 17.707 GC heap before
{Heap before GC invocations=27 (full 0):
 garbage-first heap   total 92160K, used 65961K [0x0000000700000000, 0x0000000800000000)
  region size 2048K, 9 young (18432K), 2 survivors (4096K)
 Metaspace       used 64702K, committed 65280K, reserved 1105920K
  class space    used 8843K, committed 9088K, reserved 1048576K
}
Event: 17.710 GC heap after
{Heap after GC invocations=28 (full 0):
 garbage-first heap   total 92160K, used 53984K [0x0000000700000000, 0x0000000800000000)
  region size 2048K, 2 young (4096K), 2 survivors (4096K)
 Metaspace       used 64702K, committed 65280K, reserved 1105920K
  class space    used 8843K, committed 9088K, reserved 1048576K
}
Event: 18.181 GC heap before
{Heap before GC invocations=28 (full 0):
 garbage-first heap   total 92160K, used 62176K [0x0000000700000000, 0x0000000800000000)
  region size 2048K, 8 young (16384K), 2 survivors (4096K)
 Metaspace       used 64843K, committed 65344K, reserved 1105920K
  class space    used 8860K, committed 9088K, reserved 1048576K
}
Event: 18.183 GC heap after
{Heap after GC invocations=29 (full 0):
 garbage-first heap   total 92160K, used 56063K [0x0000000700000000, 0x0000000800000000)
  region size 2048K, 2 young (4096K), 2 survivors (4096K)
 Metaspace       used 64843K, committed 65344K, reserved 1105920K
  class space    used 8860K, committed 9088K, reserved 1048576K
}
Event: 18.502 GC heap before
{Heap before GC invocations=30 (full 0):
 garbage-first heap   total 110592K, used 74495K [0x0000000700000000, 0x0000000800000000)
  region size 2048K, 9 young (18432K), 2 survivors (4096K)
 Metaspace       used 66171K, committed 66688K, reserved 1114112K
  class space    used 9028K, committed 9280K, reserved 1048576K
}
Event: 18.503 GC heap after
{Heap after GC invocations=31 (full 0):
 garbage-first heap   total 110592K, used 61351K [0x0000000700000000, 0x0000000800000000)
  region size 2048K, 2 young (4096K), 2 survivors (4096K)
 Metaspace       used 66171K, committed 66688K, reserved 1114112K
  class space    used 9028K, committed 9280K, reserved 1048576K
}
Event: 19.196 GC heap before
{Heap before GC invocations=31 (full 0):
 garbage-first heap   total 110592K, used 83879K [0x0000000700000000, 0x0000000800000000)
  region size 2048K, 13 young (26624K), 2 survivors (4096K)
 Metaspace       used 69333K, committed 69888K, reserved 1114112K
  class space    used 9452K, committed 9728K, reserved 1048576K
}
Event: 19.199 GC heap after
{Heap after GC invocations=32 (full 0):
 garbage-first heap   total 110592K, used 62315K [0x0000000700000000, 0x0000000800000000)
  region size 2048K, 2 young (4096K), 2 survivors (4096K)
 Metaspace       used 69333K, committed 69888K, reserved 1114112K
  class space    used 9452K, committed 9728K, reserved 1048576K
}
Event: 20.027 GC heap before
{Heap before GC invocations=33 (full 0):
 garbage-first heap   total 112640K, used 82795K [0x0000000700000000, 0x0000000800000000)
  region size 2048K, 13 young (26624K), 2 survivors (4096K)
 Metaspace       used 73223K, committed 73792K, reserved 1114112K
  class space    used 9881K, committed 10176K, reserved 1048576K
}
Event: 20.031 GC heap after
{Heap after GC invocations=34 (full 0):
 garbage-first heap   total 112640K, used 63855K [0x0000000700000000, 0x0000000800000000)
  region size 2048K, 2 young (4096K), 2 survivors (4096K)
 Metaspace       used 73223K, committed 73792K, reserved 1114112K
  class space    used 9881K, committed 10176K, reserved 1048576K
}
Event: 20.485 GC heap before
{Heap before GC invocations=34 (full 0):
 garbage-first heap   total 112640K, used 86383K [0x0000000700000000, 0x0000000800000000)
  region size 2048K, 14 young (28672K), 2 survivors (4096K)
 Metaspace       used 74105K, committed 74688K, reserved 1114112K
  class space    used 10016K, committed 10304K, reserved 1048576K
}
Event: 20.488 GC heap after
{Heap after GC invocations=35 (full 0):
 garbage-first heap   total 112640K, used 66092K [0x0000000700000000, 0x0000000800000000)
  region size 2048K, 2 young (4096K), 2 survivors (4096K)
 Metaspace       used 74105K, committed 74688K, reserved 1114112K
  class space    used 10016K, committed 10304K, reserved 1048576K
}
Event: 20.937 GC heap before
{Heap before GC invocations=36 (full 0):
 garbage-first heap   total 116736K, used 88620K [0x0000000700000000, 0x0000000800000000)
  region size 2048K, 13 young (26624K), 2 survivors (4096K)
 Metaspace       used 75963K, committed 76544K, reserved 1122304K
  class space    used 10240K, committed 10496K, reserved 1048576K
}
Event: 20.941 GC heap after
{Heap after GC invocations=37 (full 0):
 garbage-first heap   total 116736K, used 67793K [0x0000000700000000, 0x0000000800000000)
  region size 2048K, 1 young (2048K), 1 survivors (2048K)
 Metaspace       used 75963K, committed 76544K, reserved 1122304K
  class space    used 10240K, committed 10496K, reserved 1048576K
}

